Сборка начата 06.04.2022 14:45:25.
Уровень детализации журнала: Normal.     1>Проект "D:\структуры данных\laba4\zad2\zad2.vcxproj" в узле 2 (целевые объекты Build).
     1>InitializeBuildStatus:
         Создание "Debug\zad2.tlog\unsuccessfulbuild", так как было задано "AlwaysCreate".
       ClCompile:
         C:\Program Files (x86)\Microsoft Visual Studio\2019\Community\VC\Tools\MSVC\14.29.30133\bin\HostX86\x86\CL.exe /c /ZI /JMC /nologo /W3 /WX- /diagnostics:column /sdl /Od /Oy- /D WIN32 /D _DEBUG /D _CONSOLE /D _UNICODE /D UNICODE /Gm- /EHsc /RTC1 /MDd /GS /fp:precise /permissive- /Zc:wchar_t /Zc:forScope /Zc:inline /Fo"Debug\\" /Fd"Debug\vc142.pdb" /external:W3 /Gd /TP /analyze- /FC /errorReport:prompt Source.cpp
         Source.cpp
     1>D:\структуры данных\laba4\zad2\Source.cpp(7,1): warning C4326: возвращаемый тип "main" должен быть "int", а не "void"
     1>D:\структуры данных\laba4\zad2\Source.cpp(8,12): warning C4244: аргумент: преобразование "time_t" в "unsigned int", возможна потеря данных
       Link:
         C:\Program Files (x86)\Microsoft Visual Studio\2019\Community\VC\Tools\MSVC\14.29.30133\bin\HostX86\x86\link.exe /ERRORREPORT:PROMPT /OUT:"D:\структуры данных\laba4\Debug\zad2.exe" /INCREMENTAL /ILK:"Debug\zad2.ilk" /NOLOGO kernel32.lib user32.lib gdi32.lib winspool.lib comdlg32.lib advapi32.lib shell32.lib ole32.lib oleaut32.lib uuid.lib odbc32.lib odbccp32.lib /MANIFEST /MANIFESTUAC:"level='asInvoker' uiAccess='false'" /manifest:embed /DEBUG /PDB:"D:\структуры данных\laba4\Debug\zad2.pdb" /SUBSYSTEM:CONSOLE /TLBID:1 /DYNAMICBASE /NXCOMPAT /IMPLIB:"D:\структуры данных\laba4\Debug\zad2.lib" /MACHINE:X86 Debug\Source.obj
         zad2.vcxproj -> D:\структуры данных\laba4\Debug\zad2.exe
       FinalizeBuildStatus:
         Файл "Debug\zad2.tlog\unsuccessfulbuild" удаляется.
         Обращение к "Debug\zad2.tlog\zad2.lastbuildstate".
     1>Сборка проекта "D:\структуры данных\laba4\zad2\zad2.vcxproj" завершена (целевые объекты Build).

Сборка успешно завершена.

       "D:\структуры данных\laba4\zad2\zad2.vcxproj" (целевой объект Build ) (1) ->
       (Целевой объект ClCompile) -> 
         D:\структуры данных\laba4\zad2\Source.cpp(7,1): warning C4326: возвращаемый тип "main" должен быть "int", а не "void"
         D:\структуры данных\laba4\zad2\Source.cpp(8,12): warning C4244: аргумент: преобразование "time_t" в "unsigned int", возможна потеря данных

    Предупреждений: 2
    Ошибок: 0

Прошло времени 00:00:01.34
