Сборка начата 19.04.2022 23:12:09.
Уровень детализации журнала: Normal.     1>Проект "D:\структуры данных\laba_5\Project1\Project1.vcxproj" в узле 2 (целевые объекты Build).
     1>C:\Program Files (x86)\Microsoft Visual Studio\2019\Community\MSBuild\Microsoft\VC\v160\Microsoft.CppBuild.targets(513,5): warning MSB8028: промежуточный каталог (Debug\) содержит файлы, которые используются совместно с другим проектом (Project1.vcxproj).  Это может привести к ошибкам очистки и перестроения.
     1>InitializeBuildStatus:
         Создание "Debug\OCH_laba5.tlog\unsuccessfulbuild", так как было задано "AlwaysCreate".
       ClCompile:
         C:\Program Files (x86)\Microsoft Visual Studio\2019\Community\VC\Tools\MSVC\14.29.30133\bin\HostX86\x86\CL.exe /c /ZI /JMC /nologo /W3 /WX- /diagnostics:column /sdl /Od /Oy- /D WIN32 /D _DEBUG /D _CONSOLE /D _UNICODE /D UNICODE /Gm- /EHsc /RTC1 /MDd /GS /fp:precise /permissive- /Zc:wchar_t /Zc:forScope /Zc:inline /Fo"Debug\\" /Fd"Debug\vc142.pdb" /external:W3 /Gd /TP /analyze- /FC /errorReport:prompt laba5.cpp
         laba5.cpp
     1>D:\структуры данных\laba_5\Project1\laba5.cpp(9,1): warning C4326: возвращаемый тип "main" должен быть "int", а не "void"
     1>D:\структуры данных\laba_5\Project1\laba5.cpp(15,20): warning C4018: <: несоответствие типов со знаком и без знака
       Link:
         C:\Program Files (x86)\Microsoft Visual Studio\2019\Community\VC\Tools\MSVC\14.29.30133\bin\HostX86\x86\link.exe /ERRORREPORT:PROMPT /OUT:"D:\структуры данных\laba_5\Debug\OCH_laba5.exe" /INCREMENTAL /ILK:"Debug\OCH_laba5.ilk" /NOLOGO kernel32.lib user32.lib gdi32.lib winspool.lib comdlg32.lib advapi32.lib shell32.lib ole32.lib oleaut32.lib uuid.lib odbc32.lib odbccp32.lib /MANIFEST /MANIFESTUAC:"level='asInvoker' uiAccess='false'" /manifest:embed /DEBUG /PDB:"D:\структуры данных\laba_5\Debug\OCH_laba5.pdb" /SUBSYSTEM:CONSOLE /TLBID:1 /DYNAMICBASE /NXCOMPAT /IMPLIB:"D:\структуры данных\laba_5\Debug\OCH_laba5.lib" /MACHINE:X86 Debug\laba5.obj
         Project1.vcxproj -> D:\структуры данных\laba_5\Debug\OCH_laba5.exe
       FinalizeBuildStatus:
         Файл "Debug\OCH_laba5.tlog\unsuccessfulbuild" удаляется.
         Обращение к "Debug\OCH_laba5.tlog\OCH_laba5.lastbuildstate".
     1>Сборка проекта "D:\структуры данных\laba_5\Project1\Project1.vcxproj" завершена (целевые объекты Build).

Сборка успешно завершена.

       "D:\структуры данных\laba_5\Project1\Project1.vcxproj" (целевой объект Build ) (1) ->
       (Целевой объект PrepareForBuild) -> 
         C:\Program Files (x86)\Microsoft Visual Studio\2019\Community\MSBuild\Microsoft\VC\v160\Microsoft.CppBuild.targets(513,5): warning MSB8028: промежуточный каталог (Debug\) содержит файлы, которые используются совместно с другим проектом (Project1.vcxproj).  Это может привести к ошибкам очистки и перестроения.


       "D:\структуры данных\laba_5\Project1\Project1.vcxproj" (целевой объект Build ) (1) ->
       (Целевой объект ClCompile) -> 
         D:\структуры данных\laba_5\Project1\laba5.cpp(9,1): warning C4326: возвращаемый тип "main" должен быть "int", а не "void"
         D:\структуры данных\laba_5\Project1\laba5.cpp(15,20): warning C4018: <: несоответствие типов со знаком и без знака

    Предупреждений: 3
    Ошибок: 0

Прошло времени 00:00:00.90
